Detecting compiler hash for triplet x64-linux...
Compiler found: /usr/bin/clang++
The following packages are already installed:
  * egl-registry:x64-linux@2024-01-25 -- git+https://github.com/microsoft/vcpkg@d883db43133dd223c4ffdbef4193943f6784d43a
    entt:x64-linux@3.15.0 -- git+https://github.com/microsoft/vcpkg@b27478e44a27785f939170cfb8c910d87194b289
  * fmt:x64-linux@11.0.2#1 -- git+https://github.com/microsoft/vcpkg@07a73a7565e5de9eb42e90c16c133bdfdfebbcda
    glad[core,loader]:x64-linux@0.1.36 -- git+https://github.com/microsoft/vcpkg@fa93b14c1581057e1d14650f5f15c9b0757dd548
    glfw3:x64-linux@3.4#1 -- git+https://github.com/microsoft/vcpkg@d4bbd4f27c2ca619f57778985120cddcedadb1cc
    glm:x64-linux@1.0.1#3 -- git+https://github.com/microsoft/vcpkg@f8b09027afe97c717e95bd81d1d4f37c057d1c78
  * opengl-registry:x64-linux@2024-02-10#1 -- git+https://github.com/microsoft/vcpkg@22f7aa58ee78c9f0db904b6251e9265f2be26f9d
    pugixml:x64-linux@1.15 -- git+https://github.com/microsoft/vcpkg@a3181de4dee35567b45611a938eb0f44f5ee016d
    spdlog:x64-linux@1.15.3 -- git+https://github.com/microsoft/vcpkg@c2b47286b0759373acecdfaa3be4219711f6d059
    tinyxml2:x64-linux@11.0.0 -- git+https://github.com/microsoft/vcpkg@642c5abe1171318729a73bdf95ce6c2ca58e079c
  * vcpkg-cmake:x64-linux@2024-04-23 -- git+https://github.com/microsoft/vcpkg@e74aa1e8f93278a8e71372f1fa08c3df420eb840
  * vcpkg-cmake-config:x64-linux@2024-05-23 -- git+https://github.com/microsoft/vcpkg@97a63e4bc1a17422ffe4eff71da53b4b561a7841
entt provides CMake targets:

    find_package(EnTT CONFIG REQUIRED)
    target_link_libraries(main PRIVATE EnTT::EnTT)

glad provides CMake targets:

  # this is heuristically generated, and may not be correct
  find_package(glad CONFIG REQUIRED)
  target_link_libraries(main PRIVATE glad::glad)

glfw3 provides CMake targets:

  # this is heuristically generated, and may not be correct
  find_package(glfw3 CONFIG REQUIRED)
  target_link_libraries(main PRIVATE glfw)

glfw3 provides pkg-config modules:

  # A multi-platform library for OpenGL, window and input
  glfw3

The package glm provides CMake targets:

    find_package(glm CONFIG REQUIRED)
    target_link_libraries(main PRIVATE glm::glm)

    # Or use the header-only version
    find_package(glm CONFIG REQUIRED)
    target_link_libraries(main PRIVATE glm::glm-header-only)

pugixml provides CMake targets:

  # this is heuristically generated, and may not be correct
  find_package(pugixml CONFIG REQUIRED)
  target_link_libraries(main PRIVATE pugixml::static pugixml::pugixml)

pugixml provides pkg-config modules:

  # Light-weight, simple and fast XML parser for C++ with XPath support.
  pugixml

The package spdlog provides CMake targets:

    find_package(spdlog CONFIG REQUIRED)
    target_link_libraries(main PRIVATE spdlog::spdlog)

    # Or use the header-only version
    find_package(spdlog CONFIG REQUIRED)
    target_link_libraries(main PRIVATE spdlog::spdlog_header_only)

tinyxml2 provides CMake targets:

  # this is heuristically generated, and may not be correct
  find_package(tinyxml2 CONFIG REQUIRED)
  target_link_libraries(main PRIVATE tinyxml2::tinyxml2)

tinyxml2 provides pkg-config modules:

  # simple, small, C++ XML parser
  tinyxml2

All requested installations completed successfully in: 119 us
